<?xml version="1.0" encoding="UTF-8"?>
<!-- Generated by org.testng.reporters.JUnitReportReporter -->
<testsuite hostname="LAPTOP-4GCDTFLO" failures="0" tests="1" name="testNG.CreateNewCaseWithoutMandatoryField" time="52.619" errors="0" timestamp="2021-06-13T00:44:16 IST" skipped="0">
  <testcase classname="testNG.CreateNewCaseWithoutMandatoryField" name="createNewCase" time="52.619"/>
  <system-out/>
</testsuite> <!-- testNG.CreateNewCaseWithoutMandatoryField -->
