<?xml version="1.0" encoding="UTF-8"?>
<!-- Generated by org.testng.reporters.JUnitReportReporter -->
<testsuite hostname="LAPTOP-4GCDTFLO" failures="0" tests="1" name="testNG.WorkTypeGroupSortingByName" time="50.128" errors="0" timestamp="2021-06-12T23:12:25 IST" skipped="0">
  <testcase classname="testNG.WorkTypeGroupSortingByName" name="sortWorkTypeGroup" time="50.128"/>
  <system-out/>
</testsuite> <!-- testNG.WorkTypeGroupSortingByName -->
