<?xml version="1.0" encoding="UTF-8"?>
<!-- Generated by org.testng.reporters.JUnitReportReporter -->
<testsuite hostname="DESKTOP-7PPMDVL" failures="0" tests="1" name="assignment.DeletePartyConsent" time="31.958" errors="0" timestamp="2021-08-07T17:11:31 IST" skipped="0">
  <testcase classname="assignment.DeletePartyConsent" name="deleteParty" time="31.958"/>
  <system-out/>
</testsuite> <!-- assignment.DeletePartyConsent -->
