<?xml version="1.0" encoding="UTF-8"?>
<!-- Generated by org.testng.reporters.JUnitReportReporter -->
<testsuite hostname="LAPTOP-4GCDTFLO" failures="0" tests="2" name="leafground.page.webelements.HandlingLinks" time="1.790" errors="0" timestamp="2021-06-11T18:59:10 IST" skipped="0">
  <testcase classname="leafground.page.webelements.HandlingLinks" name="getLinks" time="0.965"/>
  <system-out/>
  <testcase classname="leafground.page.webelements.HandlingLinks" name="VerifyBrokenLinks" time="0.825"/>
  <system-out/>
</testsuite> <!-- leafground.page.webelements.HandlingLinks -->
